The system is: Windows - 10.0.18363 - AMD64
Compiling the C compiler identification source file "CMakeCCompilerId.c" succeeded.
Compiler: D:/VS2019/VC/Tools/MSVC/14.29.30133/bin/Hostx86/x86/cl.exe 
Build flags: 
Id flags:  

The output was:
0
用于 x86 的 Microsoft (R) C/C++ 优化编译器 19.29.30146 版
版权所有(C) Microsoft Corporation。保留所有权利。

CMakeCCompilerId.c
Microsoft (R) Incremental Linker Version 14.29.30146.0
Copyright (C) Microsoft Corporation.  All rights reserved.

/out:CMakeCCompilerId.exe 
CMakeCCompilerId.obj 


Compilation of the C compiler identification source "CMakeCCompilerId.c" produced "CMakeCCompilerId.exe"

Compilation of the C compiler identification source "CMakeCCompilerId.c" produced "CMakeCCompilerId.obj"

The C compiler identification is MSVC, found in "C:/Users/HYH/C/Clion/hello_cmd/cmake-build-debug/CMakeFiles/3.20.2/CompilerIdC/CMakeCCompilerId.exe"

Compiling the CXX compiler identification source file "CMakeCXXCompilerId.cpp" succeeded.
Compiler: D:/VS2019/VC/Tools/MSVC/14.29.30133/bin/Hostx86/x86/cl.exe 
Build flags: 
Id flags:  

The output was:
0
用于 x86 的 Microsoft (R) C/C++ 优化编译器 19.29.30146 版
版权所有(C) Microsoft Corporation。保留所有权利。

CMakeCXXCompilerId.cpp
Microsoft (R) Incremental Linker Version 14.29.30146.0
Copyright (C) Microsoft Corporation.  All rights reserved.

/out:CMakeCXXCompilerId.exe 
CMakeCXXCompilerId.obj 


Compilation of the CXX compiler identification source "CMakeCXXCompilerId.cpp" produced "CMakeCXXCompilerId.exe"

Compilation of the CXX compiler identification source "CMakeCXXCompilerId.cpp" produced "CMakeCXXCompilerId.obj"

The CXX compiler identification is MSVC, found in "C:/Users/HYH/C/Clion/hello_cmd/cmake-build-debug/CMakeFiles/3.20.2/CompilerIdCXX/CMakeCXXCompilerId.exe"

Detecting C compiler ABI info compiled with the following output:
Change Dir: C:/Users/HYH/C/Clion/hello_cmd/cmake-build-debug/CMakeFiles/CMakeTmp

Run Build Command(s):nmake -f Makefile /nologo cmTC_be96e\fast && 	D:\VS2019\VC\Tools\MSVC\14.29.30133\bin\HostX86\x86\nmake.exe  -f CMakeFiles\cmTC_be96e.dir\build.make /nologo -L                  CMakeFiles\cmTC_be96e.dir\build
Building C object CMakeFiles/cmTC_be96e.dir/CMakeCCompilerABI.c.obj
	"D:\CLion 2021.2.1\bin\cmake\win\bin\cmake.exe" -E cmake_cl_compile_depends --dep-file=CMakeFiles\cmTC_be96e.dir\CMakeCCompilerABI.c.obj.d --working-dir=C:\Users\HYH\C\Clion\hello_cmd\cmake-build-debug\CMakeFiles\CMakeTmp --filter-prefix="" -- D:\VS2019\VC\Tools\MSVC\14.29.30133\bin\Hostx86\x86\cl.exe @C:\Users\HYH\AppData\Local\Temp\nm11AA.tmp
Linking C executable cmTC_be96e.exe
	"D:\CLion 2021.2.1\bin\cmake\win\bin\cmake.exe" -E vs_link_exe --intdir=CMakeFiles\cmTC_be96e.dir --rc="D:\Windows Kits\10\bin\10.0.17763.0\x86\rc.exe" --mt="D:\Windows Kits\10\bin\10.0.17763.0\x86\mt.exe" --manifests -- D:\VS2019\VC\Tools\MSVC\14.29.30133\bin\Hostx86\x86\link.exe /nologo @CMakeFiles\cmTC_be96e.dir\objects1.rsp @C:\Users\HYH\AppData\Local\Temp\nm1322.tmp



Detecting CXX compiler ABI info compiled with the following output:
Change Dir: C:/Users/HYH/C/Clion/hello_cmd/cmake-build-debug/CMakeFiles/CMakeTmp

Run Build Command(s):nmake -f Makefile /nologo cmTC_09d87\fast && 	D:\VS2019\VC\Tools\MSVC\14.29.30133\bin\HostX86\x86\nmake.exe  -f CMakeFiles\cmTC_09d87.dir\build.make /nologo -L                  CMakeFiles\cmTC_09d87.dir\build
Building CXX object CMakeFiles/cmTC_09d87.dir/CMakeCXXCompilerABI.cpp.obj
	"D:\CLion 2021.2.1\bin\cmake\win\bin\cmake.exe" -E cmake_cl_compile_depends --dep-file=CMakeFiles\cmTC_09d87.dir\CMakeCXXCompilerABI.cpp.obj.d --working-dir=C:\Users\HYH\C\Clion\hello_cmd\cmake-build-debug\CMakeFiles\CMakeTmp --filter-prefix="" -- D:\VS2019\VC\Tools\MSVC\14.29.30133\bin\Hostx86\x86\cl.exe @C:\Users\HYH\AppData\Local\Temp\nm1851.tmp
Linking CXX executable cmTC_09d87.exe
	"D:\CLion 2021.2.1\bin\cmake\win\bin\cmake.exe" -E vs_link_exe --intdir=CMakeFiles\cmTC_09d87.dir --rc="D:\Windows Kits\10\bin\10.0.17763.0\x86\rc.exe" --mt="D:\Windows Kits\10\bin\10.0.17763.0\x86\mt.exe" --manifests -- D:\VS2019\VC\Tools\MSVC\14.29.30133\bin\Hostx86\x86\link.exe /nologo @CMakeFiles\cmTC_09d87.dir\objects1.rsp @C:\Users\HYH\AppData\Local\Temp\nm190D.tmp



